<?xml version="1.0" encoding="UTF-8"?>
<testsuite name="rspec" tests="43" skipped="0" failures="0" errors="0" time="0.033933" timestamp="2025-07-28T19:10:04-06:00" hostname="aurora">
<properties>
<property name="seed" value="52420"/>
</properties>
<testcase classname="spec.rspec.stubbed_env.hide_helpers_spec" name="RSpec::StubbedEnv::HideHelpers hide_env when no hiding is test env" file="./spec/rspec/stubbed_env/hide_helpers_spec.rb" time="0.000323"></testcase>
<testcase classname="spec.rspec.stubbed_env.hide_helpers_spec" name="RSpec::StubbedEnv::HideHelpers hide_env when no hiding has 2 localhost settings" file="./spec/rspec/stubbed_env/hide_helpers_spec.rb" time="0.000049"></testcase>
<testcase classname="spec.rspec.stubbed_env.hide_helpers_spec" name="RSpec::StubbedEnv::HideHelpers hide_env when no hiding has size 2" file="./spec/rspec/stubbed_env/hide_helpers_spec.rb" time="0.000055"></testcase>
<testcase classname="spec.rspec.stubbed_env.hide_helpers_spec" name="RSpec::StubbedEnv::HideHelpers hide_env when development environment is development env" file="./spec/rspec/stubbed_env/hide_helpers_spec.rb" time="0.002573"></testcase>
<testcase classname="spec.rspec.stubbed_env.hide_helpers_spec" name="RSpec::StubbedEnv::HideHelpers hide_env when development environment has 2 example.org settings" file="./spec/rspec/stubbed_env/hide_helpers_spec.rb" time="0.000157"></testcase>
<testcase classname="spec.rspec.stubbed_env.hide_helpers_spec" name="RSpec::StubbedEnv::HideHelpers hide_env when development environment has size 2" file="./spec/rspec/stubbed_env/hide_helpers_spec.rb" time="0.000120"></testcase>
<testcase classname="spec.rspec.stubbed_env.hide_helpers_spec" name="RSpec::StubbedEnv::HideHelpers hide_env when development environment when hiding has 2 example.org settings" file="./spec/rspec/stubbed_env/hide_helpers_spec.rb" time="0.000547"></testcase>
<testcase classname="spec.rspec.stubbed_env.hide_helpers_spec" name="RSpec::StubbedEnv::HideHelpers hide_env when development environment when hiding has size 1" file="./spec/rspec/stubbed_env/hide_helpers_spec.rb" time="0.000466"></testcase>
<testcase classname="spec.rspec.stubbed_env.hide_helpers_spec" name="RSpec::StubbedEnv::HideHelpers hide_env when production environment is production env" file="./spec/rspec/stubbed_env/hide_helpers_spec.rb" time="0.000123"></testcase>
<testcase classname="spec.rspec.stubbed_env.hide_helpers_spec" name="RSpec::StubbedEnv::HideHelpers hide_env when production environment has 4 example.org settings" file="./spec/rspec/stubbed_env/hide_helpers_spec.rb" time="0.000099"></testcase>
<testcase classname="spec.rspec.stubbed_env.hide_helpers_spec" name="RSpec::StubbedEnv::HideHelpers hide_env when production environment has size 4" file="./spec/rspec/stubbed_env/hide_helpers_spec.rb" time="0.000104"></testcase>
<testcase classname="spec.rspec.stubbed_env.hide_helpers_spec" name="RSpec::StubbedEnv::HideHelpers hide_env when production environment when hiding via single call has 2 example.org settings" file="./spec/rspec/stubbed_env/hide_helpers_spec.rb" time="0.000564"></testcase>
<testcase classname="spec.rspec.stubbed_env.hide_helpers_spec" name="RSpec::StubbedEnv::HideHelpers hide_env when production environment when hiding via single call has size 2" file="./spec/rspec/stubbed_env/hide_helpers_spec.rb" time="0.004851"></testcase>
<testcase classname="spec.rspec.stubbed_env.hide_helpers_spec" name="RSpec::StubbedEnv::HideHelpers hide_env when production environment when hiding via multiple calls has 2 example.org settings" file="./spec/rspec/stubbed_env/hide_helpers_spec.rb" time="0.000559"></testcase>
<testcase classname="spec.rspec.stubbed_env.hide_helpers_spec" name="RSpec::StubbedEnv::HideHelpers hide_env when production environment when hiding via multiple calls has size 2" file="./spec/rspec/stubbed_env/hide_helpers_spec.rb" time="0.000589"></testcase>
<testcase classname="spec.rspec.stubbed_env.hide_helpers_spec" name="RSpec::StubbedEnv::HideHelpers#values_at when not hidden returns original" file="./spec/rspec/stubbed_env/hide_helpers_spec.rb" time="0.001141"></testcase>
<testcase classname="spec.rspec.stubbed_env.hide_helpers_spec" name="RSpec::StubbedEnv::HideHelpers#values_at when hidden returns no hidden values" file="./spec/rspec/stubbed_env/hide_helpers_spec.rb" time="0.000464"></testcase>
<testcase classname="spec.rspec.stubbed_env.hide_helpers_spec" name="RSpec::StubbedEnv::HideHelpers stubbing does not raise error" file="./spec/rspec/stubbed_env/hide_helpers_spec.rb" time="0.001241"></testcase>
<testcase classname="spec.rspec.stubbed_env.hide_helpers_spec" name="RSpec::StubbedEnv::HideHelpers stubbing hides a key that was previously set" file="./spec/rspec/stubbed_env/hide_helpers_spec.rb" time="0.001208"></testcase>
<testcase classname="spec.rspec.stubbed_env.hide_helpers_spec" name="RSpec::StubbedEnv::HideHelpers stubbing does not modify other keys" file="./spec/rspec/stubbed_env/hide_helpers_spec.rb" time="0.000367"></testcase>
<testcase classname="spec.rspec.stubbed_env.hide_helpers_spec" name="RSpec::StubbedEnv::HideHelpers hiding trough context arguments hides all keys provided in the arguments" file="./spec/rspec/stubbed_env/hide_helpers_spec.rb" time="0.000869"></testcase>
<testcase classname="spec.rspec.stubbed_env.hide_helpers_spec" name="RSpec::StubbedEnv::HideHelpers hiding trough context arguments hides them so well" file="./spec/rspec/stubbed_env/hide_helpers_spec.rb" time="0.000478"></testcase>
<testcase classname="spec.rspec.stubbed_env.stub_helpers_spec" name="RSpec::StubbedEnv::StubHelpers stub_env when no stubbing is test env" file="./spec/rspec/stubbed_env/stub_helpers_spec.rb" time="0.000045"></testcase>
<testcase classname="spec.rspec.stubbed_env.stub_helpers_spec" name="RSpec::StubbedEnv::StubHelpers stub_env when no stubbing has 2 localhost settings" file="./spec/rspec/stubbed_env/stub_helpers_spec.rb" time="0.000035"></testcase>
<testcase classname="spec.rspec.stubbed_env.stub_helpers_spec" name="RSpec::StubbedEnv::StubHelpers stub_env when no stubbing has size 2" file="./spec/rspec/stubbed_env/stub_helpers_spec.rb" time="0.000033"></testcase>
<testcase classname="spec.rspec.stubbed_env.stub_helpers_spec" name="RSpec::StubbedEnv::StubHelpers stub_env when hash signature with development environment is development env" file="./spec/rspec/stubbed_env/stub_helpers_spec.rb" time="0.000573"></testcase>
<testcase classname="spec.rspec.stubbed_env.stub_helpers_spec" name="RSpec::StubbedEnv::StubHelpers stub_env when hash signature with development environment has 2 example.org settings" file="./spec/rspec/stubbed_env/stub_helpers_spec.rb" time="0.000555"></testcase>
<testcase classname="spec.rspec.stubbed_env.stub_helpers_spec" name="RSpec::StubbedEnv::StubHelpers stub_env when hash signature with development environment has size 2" file="./spec/rspec/stubbed_env/stub_helpers_spec.rb" time="0.003358"></testcase>
<testcase classname="spec.rspec.stubbed_env.stub_helpers_spec" name="RSpec::StubbedEnv::StubHelpers stub_env when hash signature with production environment is production env" file="./spec/rspec/stubbed_env/stub_helpers_spec.rb" time="0.000751"></testcase>
<testcase classname="spec.rspec.stubbed_env.stub_helpers_spec" name="RSpec::StubbedEnv::StubHelpers stub_env when hash signature with production environment has 4 example.org settings" file="./spec/rspec/stubbed_env/stub_helpers_spec.rb" time="0.000859"></testcase>
<testcase classname="spec.rspec.stubbed_env.stub_helpers_spec" name="RSpec::StubbedEnv::StubHelpers stub_env when hash signature with production environment has size 4" file="./spec/rspec/stubbed_env/stub_helpers_spec.rb" time="0.000953"></testcase>
<testcase classname="spec.rspec.stubbed_env.stub_helpers_spec" name="RSpec::StubbedEnv::StubHelpers stub_env when key/value signature with development environment is development env" file="./spec/rspec/stubbed_env/stub_helpers_spec.rb" time="0.000600"></testcase>
<testcase classname="spec.rspec.stubbed_env.stub_helpers_spec" name="RSpec::StubbedEnv::StubHelpers stub_env when key/value signature with development environment has 2 example.org settings" file="./spec/rspec/stubbed_env/stub_helpers_spec.rb" time="0.000590"></testcase>
<testcase classname="spec.rspec.stubbed_env.stub_helpers_spec" name="RSpec::StubbedEnv::StubHelpers stub_env when key/value signature with development environment has size 2" file="./spec/rspec/stubbed_env/stub_helpers_spec.rb" time="0.000572"></testcase>
<testcase classname="spec.rspec.stubbed_env.stub_helpers_spec" name="RSpec::StubbedEnv::StubHelpers stub_env when key/value signature with production environment is production env" file="./spec/rspec/stubbed_env/stub_helpers_spec.rb" time="0.000806"></testcase>
<testcase classname="spec.rspec.stubbed_env.stub_helpers_spec" name="RSpec::StubbedEnv::StubHelpers stub_env when key/value signature with production environment has 4 example.org settings" file="./spec/rspec/stubbed_env/stub_helpers_spec.rb" time="0.000836"></testcase>
<testcase classname="spec.rspec.stubbed_env.stub_helpers_spec" name="RSpec::StubbedEnv::StubHelpers stub_env when key/value signature with production environment has size 4" file="./spec/rspec/stubbed_env/stub_helpers_spec.rb" time="0.000802"></testcase>
<testcase classname="spec.rspec.stubbed_env.stub_helpers_spec" name="RSpec::StubbedEnv::StubHelpers#values_at when not stubbed returns original" file="./spec/rspec/stubbed_env/stub_helpers_spec.rb" time="0.000060"></testcase>
<testcase classname="spec.rspec.stubbed_env.stub_helpers_spec" name="RSpec::StubbedEnv::StubHelpers#values_at when stubbed returns stubbed values if stubbed" file="./spec/rspec/stubbed_env/stub_helpers_spec.rb" time="0.000393"></testcase>
<testcase classname="spec.rspec.stubbed_env.stub_helpers_spec" name="RSpec::StubbedEnv::StubHelpers stubbing does not raise error" file="./spec/rspec/stubbed_env/stub_helpers_spec.rb" time="0.000336"></testcase>
<testcase classname="spec.rspec.stubbed_env.stub_helpers_spec" name="RSpec::StubbedEnv::StubHelpers stubbing stubs a key that wasn&apos;t previously set" file="./spec/rspec/stubbed_env/stub_helpers_spec.rb" time="0.000407"></testcase>
<testcase classname="spec.rspec.stubbed_env.stub_helpers_spec" name="RSpec::StubbedEnv::StubHelpers stubbing trough context arguments stubs all keys provided in the arguments" file="./spec/rspec/stubbed_env/stub_helpers_spec.rb" time="0.000423"></testcase>
<testcase classname="spec.rspec.stubbed_env_spec" name="RSpec::StubbedEnv has a version number" file="./spec/rspec/stubbed_env_spec.rb" time="0.000042"></testcase>
</testsuite>
