<?xml version="1.0" encoding="UTF-8"?>
<testsuite name="rspec" tests="43" skipped="0" failures="0" errors="0" time="0.038012" timestamp="2025-07-28T18:05:34-06:00" hostname="aurora">
<properties>
<property name="seed" value="860"/>
</properties>
<testcase classname="spec.rspec.stubbed_env.hide_helpers_spec" name="RSpec::StubbedEnv::HideHelpers hide_env when no hiding is test env" file="./spec/rspec/stubbed_env/hide_helpers_spec.rb" time="0.000319"></testcase>
<testcase classname="spec.rspec.stubbed_env.hide_helpers_spec" name="RSpec::StubbedEnv::HideHelpers hide_env when no hiding has 2 localhost settings" file="./spec/rspec/stubbed_env/hide_helpers_spec.rb" time="0.000045"></testcase>
<testcase classname="spec.rspec.stubbed_env.hide_helpers_spec" name="RSpec::StubbedEnv::HideHelpers hide_env when no hiding has size 2" file="./spec/rspec/stubbed_env/hide_helpers_spec.rb" time="0.000034"></testcase>
<testcase classname="spec.rspec.stubbed_env.hide_helpers_spec" name="RSpec::StubbedEnv::HideHelpers hide_env when development environment is development env" file="./spec/rspec/stubbed_env/hide_helpers_spec.rb" time="0.006830"></testcase>
<testcase classname="spec.rspec.stubbed_env.hide_helpers_spec" name="RSpec::StubbedEnv::HideHelpers hide_env when development environment has 2 example.org settings" file="./spec/rspec/stubbed_env/hide_helpers_spec.rb" time="0.000157"></testcase>
<testcase classname="spec.rspec.stubbed_env.hide_helpers_spec" name="RSpec::StubbedEnv::HideHelpers hide_env when development environment has size 2" file="./spec/rspec/stubbed_env/hide_helpers_spec.rb" time="0.000120"></testcase>
<testcase classname="spec.rspec.stubbed_env.hide_helpers_spec" name="RSpec::StubbedEnv::HideHelpers hide_env when development environment when hiding has 2 example.org settings" file="./spec/rspec/stubbed_env/hide_helpers_spec.rb" time="0.000443"></testcase>
<testcase classname="spec.rspec.stubbed_env.hide_helpers_spec" name="RSpec::StubbedEnv::HideHelpers hide_env when development environment when hiding has size 1" file="./spec/rspec/stubbed_env/hide_helpers_spec.rb" time="0.000724"></testcase>
<testcase classname="spec.rspec.stubbed_env.hide_helpers_spec" name="RSpec::StubbedEnv::HideHelpers hide_env when production environment is production env" file="./spec/rspec/stubbed_env/hide_helpers_spec.rb" time="0.000138"></testcase>
<testcase classname="spec.rspec.stubbed_env.hide_helpers_spec" name="RSpec::StubbedEnv::HideHelpers hide_env when production environment has 4 example.org settings" file="./spec/rspec/stubbed_env/hide_helpers_spec.rb" time="0.000112"></testcase>
<testcase classname="spec.rspec.stubbed_env.hide_helpers_spec" name="RSpec::StubbedEnv::HideHelpers hide_env when production environment has size 4" file="./spec/rspec/stubbed_env/hide_helpers_spec.rb" time="0.000109"></testcase>
<testcase classname="spec.rspec.stubbed_env.hide_helpers_spec" name="RSpec::StubbedEnv::HideHelpers hide_env when production environment when hiding via single call has 2 example.org settings" file="./spec/rspec/stubbed_env/hide_helpers_spec.rb" time="0.000532"></testcase>
<testcase classname="spec.rspec.stubbed_env.hide_helpers_spec" name="RSpec::StubbedEnv::HideHelpers hide_env when production environment when hiding via single call has size 2" file="./spec/rspec/stubbed_env/hide_helpers_spec.rb" time="0.000788"></testcase>
<testcase classname="spec.rspec.stubbed_env.hide_helpers_spec" name="RSpec::StubbedEnv::HideHelpers hide_env when production environment when hiding via multiple calls has 2 example.org settings" file="./spec/rspec/stubbed_env/hide_helpers_spec.rb" time="0.001681"></testcase>
<testcase classname="spec.rspec.stubbed_env.hide_helpers_spec" name="RSpec::StubbedEnv::HideHelpers hide_env when production environment when hiding via multiple calls has size 2" file="./spec/rspec/stubbed_env/hide_helpers_spec.rb" time="0.001796"></testcase>
<testcase classname="spec.rspec.stubbed_env.hide_helpers_spec" name="RSpec::StubbedEnv::HideHelpers#values_at when not hidden returns original" file="./spec/rspec/stubbed_env/hide_helpers_spec.rb" time="0.001114"></testcase>
<testcase classname="spec.rspec.stubbed_env.hide_helpers_spec" name="RSpec::StubbedEnv::HideHelpers#values_at when hidden returns no hidden values" file="./spec/rspec/stubbed_env/hide_helpers_spec.rb" time="0.001789"></testcase>
<testcase classname="spec.rspec.stubbed_env.hide_helpers_spec" name="RSpec::StubbedEnv::HideHelpers stubbing does not raise error" file="./spec/rspec/stubbed_env/hide_helpers_spec.rb" time="0.002346"></testcase>
<testcase classname="spec.rspec.stubbed_env.hide_helpers_spec" name="RSpec::StubbedEnv::HideHelpers stubbing hides a key that was previously set" file="./spec/rspec/stubbed_env/hide_helpers_spec.rb" time="0.001918"></testcase>
<testcase classname="spec.rspec.stubbed_env.hide_helpers_spec" name="RSpec::StubbedEnv::HideHelpers stubbing does not modify other keys" file="./spec/rspec/stubbed_env/hide_helpers_spec.rb" time="0.000356"></testcase>
<testcase classname="spec.rspec.stubbed_env.hide_helpers_spec" name="RSpec::StubbedEnv::HideHelpers hiding trough context arguments hides all keys provided in the arguments" file="./spec/rspec/stubbed_env/hide_helpers_spec.rb" time="0.000835"></testcase>
<testcase classname="spec.rspec.stubbed_env.hide_helpers_spec" name="RSpec::StubbedEnv::HideHelpers hiding trough context arguments hides them so well" file="./spec/rspec/stubbed_env/hide_helpers_spec.rb" time="0.000588"></testcase>
<testcase classname="spec.rspec.stubbed_env.stub_helpers_spec" name="RSpec::StubbedEnv::StubHelpers stub_env when no stubbing is test env" file="./spec/rspec/stubbed_env/stub_helpers_spec.rb" time="0.000050"></testcase>
<testcase classname="spec.rspec.stubbed_env.stub_helpers_spec" name="RSpec::StubbedEnv::StubHelpers stub_env when no stubbing has 2 localhost settings" file="./spec/rspec/stubbed_env/stub_helpers_spec.rb" time="0.000036"></testcase>
<testcase classname="spec.rspec.stubbed_env.stub_helpers_spec" name="RSpec::StubbedEnv::StubHelpers stub_env when no stubbing has size 2" file="./spec/rspec/stubbed_env/stub_helpers_spec.rb" time="0.000032"></testcase>
<testcase classname="spec.rspec.stubbed_env.stub_helpers_spec" name="RSpec::StubbedEnv::StubHelpers stub_env when hash signature with development environment is development env" file="./spec/rspec/stubbed_env/stub_helpers_spec.rb" time="0.000556"></testcase>
<testcase classname="spec.rspec.stubbed_env.stub_helpers_spec" name="RSpec::StubbedEnv::StubHelpers stub_env when hash signature with development environment has 2 example.org settings" file="./spec/rspec/stubbed_env/stub_helpers_spec.rb" time="0.000769"></testcase>
<testcase classname="spec.rspec.stubbed_env.stub_helpers_spec" name="RSpec::StubbedEnv::StubHelpers stub_env when hash signature with development environment has size 2" file="./spec/rspec/stubbed_env/stub_helpers_spec.rb" time="0.000667"></testcase>
<testcase classname="spec.rspec.stubbed_env.stub_helpers_spec" name="RSpec::StubbedEnv::StubHelpers stub_env when hash signature with production environment is production env" file="./spec/rspec/stubbed_env/stub_helpers_spec.rb" time="0.000770"></testcase>
<testcase classname="spec.rspec.stubbed_env.stub_helpers_spec" name="RSpec::StubbedEnv::StubHelpers stub_env when hash signature with production environment has 4 example.org settings" file="./spec/rspec/stubbed_env/stub_helpers_spec.rb" time="0.000790"></testcase>
<testcase classname="spec.rspec.stubbed_env.stub_helpers_spec" name="RSpec::StubbedEnv::StubHelpers stub_env when hash signature with production environment has size 4" file="./spec/rspec/stubbed_env/stub_helpers_spec.rb" time="0.000744"></testcase>
<testcase classname="spec.rspec.stubbed_env.stub_helpers_spec" name="RSpec::StubbedEnv::StubHelpers stub_env when key/value signature with development environment is development env" file="./spec/rspec/stubbed_env/stub_helpers_spec.rb" time="0.000619"></testcase>
<testcase classname="spec.rspec.stubbed_env.stub_helpers_spec" name="RSpec::StubbedEnv::StubHelpers stub_env when key/value signature with development environment has 2 example.org settings" file="./spec/rspec/stubbed_env/stub_helpers_spec.rb" time="0.000574"></testcase>
<testcase classname="spec.rspec.stubbed_env.stub_helpers_spec" name="RSpec::StubbedEnv::StubHelpers stub_env when key/value signature with development environment has size 2" file="./spec/rspec/stubbed_env/stub_helpers_spec.rb" time="0.000632"></testcase>
<testcase classname="spec.rspec.stubbed_env.stub_helpers_spec" name="RSpec::StubbedEnv::StubHelpers stub_env when key/value signature with production environment is production env" file="./spec/rspec/stubbed_env/stub_helpers_spec.rb" time="0.000853"></testcase>
<testcase classname="spec.rspec.stubbed_env.stub_helpers_spec" name="RSpec::StubbedEnv::StubHelpers stub_env when key/value signature with production environment has 4 example.org settings" file="./spec/rspec/stubbed_env/stub_helpers_spec.rb" time="0.000870"></testcase>
<testcase classname="spec.rspec.stubbed_env.stub_helpers_spec" name="RSpec::StubbedEnv::StubHelpers stub_env when key/value signature with production environment has size 4" file="./spec/rspec/stubbed_env/stub_helpers_spec.rb" time="0.000860"></testcase>
<testcase classname="spec.rspec.stubbed_env.stub_helpers_spec" name="RSpec::StubbedEnv::StubHelpers#values_at when not stubbed returns original" file="./spec/rspec/stubbed_env/stub_helpers_spec.rb" time="0.000067"></testcase>
<testcase classname="spec.rspec.stubbed_env.stub_helpers_spec" name="RSpec::StubbedEnv::StubHelpers#values_at when stubbed returns stubbed values if stubbed" file="./spec/rspec/stubbed_env/stub_helpers_spec.rb" time="0.000410"></testcase>
<testcase classname="spec.rspec.stubbed_env.stub_helpers_spec" name="RSpec::StubbedEnv::StubHelpers stubbing does not raise error" file="./spec/rspec/stubbed_env/stub_helpers_spec.rb" time="0.000363"></testcase>
<testcase classname="spec.rspec.stubbed_env.stub_helpers_spec" name="RSpec::StubbedEnv::StubHelpers stubbing stubs a key that wasn&apos;t previously set" file="./spec/rspec/stubbed_env/stub_helpers_spec.rb" time="0.000379"></testcase>
<testcase classname="spec.rspec.stubbed_env.stub_helpers_spec" name="RSpec::StubbedEnv::StubHelpers stubbing trough context arguments stubs all keys provided in the arguments" file="./spec/rspec/stubbed_env/stub_helpers_spec.rb" time="0.000441"></testcase>
<testcase classname="spec.rspec.stubbed_env_spec" name="RSpec::StubbedEnv has a version number" file="./spec/rspec/stubbed_env_spec.rb" time="0.000047"></testcase>
</testsuite>
