<?xml version="1.0" encoding="UTF-8"?>
<testsuite name="rspec" tests="43" skipped="0" failures="0" errors="0" time="0.031923" timestamp="2025-07-28T18:50:37-06:00" hostname="aurora">
<properties>
<property name="seed" value="49616"/>
</properties>
<testcase classname="spec.rspec.stubbed_env.hide_helpers_spec" name="RSpec::StubbedEnv::HideHelpers hide_env when no hiding is test env" file="./spec/rspec/stubbed_env/hide_helpers_spec.rb" time="0.000334"></testcase>
<testcase classname="spec.rspec.stubbed_env.hide_helpers_spec" name="RSpec::StubbedEnv::HideHelpers hide_env when no hiding has 2 localhost settings" file="./spec/rspec/stubbed_env/hide_helpers_spec.rb" time="0.000043"></testcase>
<testcase classname="spec.rspec.stubbed_env.hide_helpers_spec" name="RSpec::StubbedEnv::HideHelpers hide_env when no hiding has size 2" file="./spec/rspec/stubbed_env/hide_helpers_spec.rb" time="0.000056"></testcase>
<testcase classname="spec.rspec.stubbed_env.hide_helpers_spec" name="RSpec::StubbedEnv::HideHelpers hide_env when development environment is development env" file="./spec/rspec/stubbed_env/hide_helpers_spec.rb" time="0.002573"></testcase>
<testcase classname="spec.rspec.stubbed_env.hide_helpers_spec" name="RSpec::StubbedEnv::HideHelpers hide_env when development environment has 2 example.org settings" file="./spec/rspec/stubbed_env/hide_helpers_spec.rb" time="0.000134"></testcase>
<testcase classname="spec.rspec.stubbed_env.hide_helpers_spec" name="RSpec::StubbedEnv::HideHelpers hide_env when development environment has size 2" file="./spec/rspec/stubbed_env/hide_helpers_spec.rb" time="0.000101"></testcase>
<testcase classname="spec.rspec.stubbed_env.hide_helpers_spec" name="RSpec::StubbedEnv::HideHelpers hide_env when development environment when hiding has 2 example.org settings" file="./spec/rspec/stubbed_env/hide_helpers_spec.rb" time="0.000446"></testcase>
<testcase classname="spec.rspec.stubbed_env.hide_helpers_spec" name="RSpec::StubbedEnv::HideHelpers hide_env when development environment when hiding has size 1" file="./spec/rspec/stubbed_env/hide_helpers_spec.rb" time="0.000435"></testcase>
<testcase classname="spec.rspec.stubbed_env.hide_helpers_spec" name="RSpec::StubbedEnv::HideHelpers hide_env when production environment is production env" file="./spec/rspec/stubbed_env/hide_helpers_spec.rb" time="0.000124"></testcase>
<testcase classname="spec.rspec.stubbed_env.hide_helpers_spec" name="RSpec::StubbedEnv::HideHelpers hide_env when production environment has 4 example.org settings" file="./spec/rspec/stubbed_env/hide_helpers_spec.rb" time="0.000104"></testcase>
<testcase classname="spec.rspec.stubbed_env.hide_helpers_spec" name="RSpec::StubbedEnv::HideHelpers hide_env when production environment has size 4" file="./spec/rspec/stubbed_env/hide_helpers_spec.rb" time="0.000097"></testcase>
<testcase classname="spec.rspec.stubbed_env.hide_helpers_spec" name="RSpec::StubbedEnv::HideHelpers hide_env when production environment when hiding via single call has 2 example.org settings" file="./spec/rspec/stubbed_env/hide_helpers_spec.rb" time="0.000543"></testcase>
<testcase classname="spec.rspec.stubbed_env.hide_helpers_spec" name="RSpec::StubbedEnv::HideHelpers hide_env when production environment when hiding via single call has size 2" file="./spec/rspec/stubbed_env/hide_helpers_spec.rb" time="0.004026"></testcase>
<testcase classname="spec.rspec.stubbed_env.hide_helpers_spec" name="RSpec::StubbedEnv::HideHelpers hide_env when production environment when hiding via multiple calls has 2 example.org settings" file="./spec/rspec/stubbed_env/hide_helpers_spec.rb" time="0.000510"></testcase>
<testcase classname="spec.rspec.stubbed_env.hide_helpers_spec" name="RSpec::StubbedEnv::HideHelpers hide_env when production environment when hiding via multiple calls has size 2" file="./spec/rspec/stubbed_env/hide_helpers_spec.rb" time="0.000818"></testcase>
<testcase classname="spec.rspec.stubbed_env.hide_helpers_spec" name="RSpec::StubbedEnv::HideHelpers#values_at when not hidden returns original" file="./spec/rspec/stubbed_env/hide_helpers_spec.rb" time="0.000739"></testcase>
<testcase classname="spec.rspec.stubbed_env.hide_helpers_spec" name="RSpec::StubbedEnv::HideHelpers#values_at when hidden returns no hidden values" file="./spec/rspec/stubbed_env/hide_helpers_spec.rb" time="0.000389"></testcase>
<testcase classname="spec.rspec.stubbed_env.hide_helpers_spec" name="RSpec::StubbedEnv::HideHelpers stubbing does not raise error" file="./spec/rspec/stubbed_env/hide_helpers_spec.rb" time="0.000997"></testcase>
<testcase classname="spec.rspec.stubbed_env.hide_helpers_spec" name="RSpec::StubbedEnv::HideHelpers stubbing hides a key that was previously set" file="./spec/rspec/stubbed_env/hide_helpers_spec.rb" time="0.001219"></testcase>
<testcase classname="spec.rspec.stubbed_env.hide_helpers_spec" name="RSpec::StubbedEnv::HideHelpers stubbing does not modify other keys" file="./spec/rspec/stubbed_env/hide_helpers_spec.rb" time="0.000347"></testcase>
<testcase classname="spec.rspec.stubbed_env.hide_helpers_spec" name="RSpec::StubbedEnv::HideHelpers hiding trough context arguments hides all keys provided in the arguments" file="./spec/rspec/stubbed_env/hide_helpers_spec.rb" time="0.000870"></testcase>
<testcase classname="spec.rspec.stubbed_env.hide_helpers_spec" name="RSpec::StubbedEnv::HideHelpers hiding trough context arguments hides them so well" file="./spec/rspec/stubbed_env/hide_helpers_spec.rb" time="0.000451"></testcase>
<testcase classname="spec.rspec.stubbed_env.stub_helpers_spec" name="RSpec::StubbedEnv::StubHelpers stub_env when no stubbing is test env" file="./spec/rspec/stubbed_env/stub_helpers_spec.rb" time="0.000045"></testcase>
<testcase classname="spec.rspec.stubbed_env.stub_helpers_spec" name="RSpec::StubbedEnv::StubHelpers stub_env when no stubbing has 2 localhost settings" file="./spec/rspec/stubbed_env/stub_helpers_spec.rb" time="0.000034"></testcase>
<testcase classname="spec.rspec.stubbed_env.stub_helpers_spec" name="RSpec::StubbedEnv::StubHelpers stub_env when no stubbing has size 2" file="./spec/rspec/stubbed_env/stub_helpers_spec.rb" time="0.000030"></testcase>
<testcase classname="spec.rspec.stubbed_env.stub_helpers_spec" name="RSpec::StubbedEnv::StubHelpers stub_env when hash signature with development environment is development env" file="./spec/rspec/stubbed_env/stub_helpers_spec.rb" time="0.000572"></testcase>
<testcase classname="spec.rspec.stubbed_env.stub_helpers_spec" name="RSpec::StubbedEnv::StubHelpers stub_env when hash signature with development environment has 2 example.org settings" file="./spec/rspec/stubbed_env/stub_helpers_spec.rb" time="0.000551"></testcase>
<testcase classname="spec.rspec.stubbed_env.stub_helpers_spec" name="RSpec::StubbedEnv::StubHelpers stub_env when hash signature with development environment has size 2" file="./spec/rspec/stubbed_env/stub_helpers_spec.rb" time="0.003237"></testcase>
<testcase classname="spec.rspec.stubbed_env.stub_helpers_spec" name="RSpec::StubbedEnv::StubHelpers stub_env when hash signature with production environment is production env" file="./spec/rspec/stubbed_env/stub_helpers_spec.rb" time="0.000718"></testcase>
<testcase classname="spec.rspec.stubbed_env.stub_helpers_spec" name="RSpec::StubbedEnv::StubHelpers stub_env when hash signature with production environment has 4 example.org settings" file="./spec/rspec/stubbed_env/stub_helpers_spec.rb" time="0.000833"></testcase>
<testcase classname="spec.rspec.stubbed_env.stub_helpers_spec" name="RSpec::StubbedEnv::StubHelpers stub_env when hash signature with production environment has size 4" file="./spec/rspec/stubbed_env/stub_helpers_spec.rb" time="0.000972"></testcase>
<testcase classname="spec.rspec.stubbed_env.stub_helpers_spec" name="RSpec::StubbedEnv::StubHelpers stub_env when key/value signature with development environment is development env" file="./spec/rspec/stubbed_env/stub_helpers_spec.rb" time="0.000594"></testcase>
<testcase classname="spec.rspec.stubbed_env.stub_helpers_spec" name="RSpec::StubbedEnv::StubHelpers stub_env when key/value signature with development environment has 2 example.org settings" file="./spec/rspec/stubbed_env/stub_helpers_spec.rb" time="0.000579"></testcase>
<testcase classname="spec.rspec.stubbed_env.stub_helpers_spec" name="RSpec::StubbedEnv::StubHelpers stub_env when key/value signature with development environment has size 2" file="./spec/rspec/stubbed_env/stub_helpers_spec.rb" time="0.000565"></testcase>
<testcase classname="spec.rspec.stubbed_env.stub_helpers_spec" name="RSpec::StubbedEnv::StubHelpers stub_env when key/value signature with production environment is production env" file="./spec/rspec/stubbed_env/stub_helpers_spec.rb" time="0.000848"></testcase>
<testcase classname="spec.rspec.stubbed_env.stub_helpers_spec" name="RSpec::StubbedEnv::StubHelpers stub_env when key/value signature with production environment has 4 example.org settings" file="./spec/rspec/stubbed_env/stub_helpers_spec.rb" time="0.000843"></testcase>
<testcase classname="spec.rspec.stubbed_env.stub_helpers_spec" name="RSpec::StubbedEnv::StubHelpers stub_env when key/value signature with production environment has size 4" file="./spec/rspec/stubbed_env/stub_helpers_spec.rb" time="0.000833"></testcase>
<testcase classname="spec.rspec.stubbed_env.stub_helpers_spec" name="RSpec::StubbedEnv::StubHelpers#values_at when not stubbed returns original" file="./spec/rspec/stubbed_env/stub_helpers_spec.rb" time="0.000060"></testcase>
<testcase classname="spec.rspec.stubbed_env.stub_helpers_spec" name="RSpec::StubbedEnv::StubHelpers#values_at when stubbed returns stubbed values if stubbed" file="./spec/rspec/stubbed_env/stub_helpers_spec.rb" time="0.000389"></testcase>
<testcase classname="spec.rspec.stubbed_env.stub_helpers_spec" name="RSpec::StubbedEnv::StubHelpers stubbing does not raise error" file="./spec/rspec/stubbed_env/stub_helpers_spec.rb" time="0.000311"></testcase>
<testcase classname="spec.rspec.stubbed_env.stub_helpers_spec" name="RSpec::StubbedEnv::StubHelpers stubbing stubs a key that wasn&apos;t previously set" file="./spec/rspec/stubbed_env/stub_helpers_spec.rb" time="0.000366"></testcase>
<testcase classname="spec.rspec.stubbed_env.stub_helpers_spec" name="RSpec::StubbedEnv::StubHelpers stubbing trough context arguments stubs all keys provided in the arguments" file="./spec/rspec/stubbed_env/stub_helpers_spec.rb" time="0.000408"></testcase>
<testcase classname="spec.rspec.stubbed_env_spec" name="RSpec::StubbedEnv has a version number" file="./spec/rspec/stubbed_env_spec.rb" time="0.000040"></testcase>
</testsuite>
